2026-02-21 23:15:12 - flight_bot - INFO - 🌍 Инициализация базы городов...
2026-02-21 23:15:12 - flight_bot - INFO - ✅ Зарегистрирован роутер: start_router
2026-02-21 23:15:12 - flight_bot - INFO - ✅ Зарегистрирован роутер: flystack_router
2026-02-21 23:15:12 - flight_bot - INFO - 🚀 Бот запущен!
2026-02-21 23:15:12 - flight_bot - INFO - 📋 Зарегистрированные роутеры: start_router, flystack_router
2026-02-21 23:15:12 - flight_bot - INFO - ✅ Запуск наблюдателя за ценами (проверка каждые 6 часов)...
2026-02-21 23:15:12 - flight_bot - INFO - 🔍 Начата проверка 2 отслеживаний...
2026-02-21 23:15:13 - flight_bot - WARNING - ⚠️ AVIASALES_TOKEN не установлен — поиск авиабилетов недоступен
2026-02-21 23:15:13 - flight_bot - INFO - ✅ Проверка завершена: всего 2, изменений 0, удалено 0
2026-02-21 23:16:37 - flight_bot - INFO - ✅ Бот остановлен, соединения закрыты
2026-02-21 23:16:37 - flight_bot - INFO - ⏹️ Наблюдатель остановлен по запросу
2026-02-23 11:59:30 - flight_bot - INFO - 🌍 Инициализация базы городов...
2026-02-23 11:59:30 - flight_bot - INFO - ✅ Зарегистрирован роутер: start_router
2026-02-23 11:59:30 - flight_bot - INFO - ✅ Зарегистрирован роутер: flystack_router
2026-02-23 11:59:30 - flight_bot - INFO - 🚀 Бот запущен!
2026-02-23 11:59:30 - flight_bot - INFO - 📋 Зарегистрированные роутеры: start_router, flystack_router
2026-02-23 11:59:30 - flight_bot - INFO - ✅ Запуск наблюдателя за ценами (проверка каждые 6 часов)...
2026-02-23 11:59:30 - flight_bot - INFO - 🔍 Начата проверка 1 отслеживаний...
2026-02-23 11:59:30 - flight_bot - WARNING - ⚠️ AVIASALES_TOKEN не установлен — поиск авиабилетов недоступен
2026-02-23 11:59:30 - flight_bot - INFO - ✅ Проверка завершена: всего 1, изменений 0, удалено 0
2026-02-23 11:59:37 - flight_bot - INFO - ✅ Бот остановлен, соединения закрыты
2026-02-23 11:59:37 - flight_bot - INFO - ⏹️ Наблюдатель остановлен по запросу
2026-03-07 21:31:27 - flight_bot - WARNING - ⚠️ Невалидные параметры: token=False, link=https://aviasales.ru/ew1...
2026-03-07 21:31:27 - flight_bot - WARNING - ⚠️ Невалидные параметры: token=False, link=https://www.aviasales.ru/map?params=MOW15031...
2026-03-07 21:31:27 - flight_bot - WARNING - ⚠️ Невалидные параметры: token=False, link=https://aviasales.ru/ew1...
2026-03-07 21:31:27 - flight_bot - WARNING - ⚠️ Невалидные параметры: token=False, link=https://aviasales.ru/ew1...
2026-03-07 21:31:27 - flight_bot - WARNING - ⚠️ Невалидные параметры: token=False, link=https://www.aviasales.ru/map?params=MOW15031...
2026-03-07 21:31:27 - flight_bot - WARNING - ⚠️ Невалидные параметры: token=False, link=https://aviasales.ru/ew1...
2026-03-07 21:31:27 - flight_bot - WARNING - ⚠️ Невалидные параметры: token=False, link=https://www.aviasales.ru/map?params=MOW15031...
2026-03-07 21:32:16 - flight_bot - WARNING - ⚠️ Невалидные параметры: token=False, link=https://aviasales.ru/ew1...
2026-03-07 21:32:16 - flight_bot - WARNING - ⚠️ Невалидные параметры: token=False, link=https://www.aviasales.ru/map?params=MOW15031...
2026-03-07 21:32:16 - flight_bot - WARNING - ⚠️ Невалидные параметры: token=False, link=https://aviasales.ru/ew1...
2026-03-07 21:32:16 - flight_bot - WARNING - ⚠️ Невалидные параметры: token=False, link=https://aviasales.ru/ew1...
2026-03-07 21:32:16 - flight_bot - WARNING - ⚠️ Невалидные параметры: token=False, link=https://www.aviasales.ru/map?params=MOW15031...
2026-03-07 21:32:16 - flight_bot - WARNING - ⚠️ Невалидные параметры: token=False, link=https://aviasales.ru/ew1...
2026-03-07 21:32:16 - flight_bot - WARNING - ⚠️ Невалидные параметры: token=False, link=https://www.aviasales.ru/map?params=MOW15031...
2026-03-07 21:39:26 - flight_bot - WARNING - ⚠️ Невалидные параметры: token=False, link=https://aviasales.ru/ew1...
2026-03-07 21:39:26 - flight_bot - WARNING - ⚠️ Невалидные параметры: token=False, link=https://www.aviasales.ru/map?params=MOW15031...
2026-03-07 21:39:26 - flight_bot - WARNING - ⚠️ Невалидные параметры: token=False, link=https://aviasales.ru/ew1...
2026-03-07 21:39:26 - flight_bot - WARNING - ⚠️ Невалидные параметры: token=False, link=https://aviasales.ru/ew1...
2026-03-07 21:39:26 - flight_bot - WARNING - ⚠️ Невалидные параметры: token=False, link=https://www.aviasales.ru/map?params=MOW15031...
2026-03-07 21:39:26 - flight_bot - WARNING - ⚠️ Невалидные параметры: token=False, link=https://aviasales.ru/ew1...
2026-03-07 21:39:26 - flight_bot - WARNING - ⚠️ Невалидные параметры: token=False, link=https://www.aviasales.ru/map?params=MOW15031...
2026-03-07 21:59:56 - flight_bot - WARNING - ⚠️ Невалидные параметры: token=False, link=https://aviasales.ru/link1...
2026-03-07 21:59:56 - flight_bot - WARNING - ⚠️ Невалидные параметры: token=False, link=https://aviasales.ru/link2...
2026-03-07 21:59:56 - flight_bot - WARNING - ⚠️ Невалидные параметры: token=False, link=https://aviasales.ru/link3...
2026-03-07 21:59:56 - flight_bot - WARNING - ⚠️ Невалидные параметры: token=False, link=https://aviasales.ru/link1...
2026-03-07 21:59:56 - flight_bot - WARNING - ⚠️ Невалидные параметры: token=False, link=https://aviasales.ru/link2...
2026-03-07 21:59:56 - flight_bot - WARNING - ⚠️ Невалидные параметры: token=False, link=https://aviasales.ru/link3...
2026-03-07 21:59:56 - flight_bot - WARNING - ⚠️ Невалидные параметры: token=False, link=https://aviasales.ru/ew1...
2026-03-07 21:59:56 - flight_bot - WARNING - ⚠️ Невалидные параметры: token=False, link=https://www.aviasales.ru/map?params=MOW15031...
2026-03-07 21:59:56 - flight_bot - WARNING - ⚠️ Невалидные параметры: token=False, link=https://aviasales.ru/ew1...
2026-03-07 21:59:56 - flight_bot - WARNING - ⚠️ Невалидные параметры: token=False, link=https://aviasales.ru/ew1...
2026-03-07 21:59:56 - flight_bot - WARNING - ⚠️ Невалидные параметры: token=False, link=https://www.aviasales.ru/map?params=MOW15031...
2026-03-07 21:59:56 - flight_bot - WARNING - ⚠️ Невалидные параметры: token=False, link=https://aviasales.ru/ew1...
2026-03-07 21:59:56 - flight_bot - WARNING - ⚠️ Невалидные параметры: token=False, link=https://www.aviasales.ru/map?params=MOW15031...
2026-03-07 22:07:55 - flight_bot - WARNING - ⚠️ Невалидные параметры: token=False, link=https://aviasales.ru/link1...
2026-03-07 22:07:55 - flight_bot - WARNING - ⚠️ Невалидные параметры: token=False, link=https://aviasales.ru/link2...
2026-03-07 22:07:55 - flight_bot - WARNING - ⚠️ Невалидные параметры: token=False, link=https://aviasales.ru/link3...
2026-03-07 22:07:55 - flight_bot - WARNING - ⚠️ Невалидные параметры: token=False, link=https://aviasales.ru/link1...
2026-03-07 22:07:55 - flight_bot - WARNING - ⚠️ Невалидные параметры: token=False, link=https://aviasales.ru/link2...
2026-03-07 22:07:55 - flight_bot - WARNING - ⚠️ Невалидные параметры: token=False, link=https://aviasales.ru/link3...
2026-03-07 22:07:55 - flight_bot - WARNING - ⚠️ Невалидные параметры: token=False, link=https://aviasales.ru/ew1...
2026-03-07 22:07:55 - flight_bot - WARNING - ⚠️ Невалидные параметры: token=False, link=https://www.aviasales.ru/map?params=MOW15031...
2026-03-07 22:07:55 - flight_bot - WARNING - ⚠️ Невалидные параметры: token=False, link=https://aviasales.ru/ew1...
2026-03-07 22:07:55 - flight_bot - WARNING - ⚠️ Невалидные параметры: token=False, link=https://aviasales.ru/ew1...
2026-03-07 22:07:55 - flight_bot - WARNING - ⚠️ Невалидные параметры: token=False, link=https://www.aviasales.ru/map?params=MOW15031...
2026-03-07 22:07:55 - flight_bot - WARNING - ⚠️ Невалидные параметры: token=False, link=https://aviasales.ru/ew1...
2026-03-07 22:07:55 - flight_bot - WARNING - ⚠️ Невалидные параметры: token=False, link=https://www.aviasales.ru/map?params=MOW15031...
2026-03-07 22:32:52 - flight_bot - INFO - [MultiSearch] booking_url: https://www.aviasales.ru/?params=MOW1003IST2003AER1
2026-03-07 22:32:52 - flight_bot - INFO - [MultiSearch] user=123 partner=https://www.aviasales.ru/?params=MOW1003IST2003AER1...
2026-03-07 22:32:52 - flight_bot - INFO - [MultiSearch] booking_url: https://www.aviasales.ru/?params=MOW1003IST2003AER1
2026-03-07 22:32:52 - flight_bot - INFO - [MultiSearch] user=123 partner=https://www.aviasales.ru/?params=MOW1003IST2003AER1...
2026-03-07 22:32:52 - flight_bot - INFO - [MultiSearch] booking_url: https://www.aviasales.ru/?params=MOW1003IST2003AER1
2026-03-07 22:32:52 - flight_bot - INFO - [MultiSearch] user=123 partner=https://www.aviasales.ru/?params=MOW1003IST2003AER1...
2026-03-07 22:32:52 - flight_bot - INFO - [MultiSearch] booking_url: https://www.aviasales.ru/?params=MOW1003IST2003AER1
2026-03-07 22:32:52 - flight_bot - INFO - [MultiSearch] user=123 partner=https://www.aviasales.ru/?params=MOW1003IST2003AER1...
2026-03-07 22:32:52 - flight_bot - INFO - [MultiSearch] booking_url: https://www.aviasales.ru/?params=MOW1003IST2003AER1
2026-03-07 22:32:52 - flight_bot - INFO - [MultiSearch] user=123 partner=https://www.aviasales.ru/?params=MOW1003IST2003AER1...
2026-03-07 22:32:52 - flight_bot - INFO - [MultiSearch] booking_url: https://www.aviasales.ru/?params=MOW1003IST2003AER1
2026-03-07 22:32:52 - flight_bot - INFO - [MultiSearch] user=123 partner=https://www.aviasales.ru/?params=MOW1003IST2003AER1...
2026-03-07 22:32:52 - flight_bot - INFO - [MultiSearch] booking_url: https://www.aviasales.ru/?params=MOW1003IST2003AER1
2026-03-07 22:32:52 - flight_bot - INFO - [MultiSearch] user=123 partner=https://www.aviasales.ru/?params=MOW1003IST2003AER1...
2026-03-07 22:32:52 - flight_bot - INFO - [MultiSearch] booking_url: https://www.aviasales.ru/?params=MOW1003IST2003AER2
2026-03-07 22:32:52 - flight_bot - INFO - [MultiSearch] user=123 partner=https://www.aviasales.ru/?params=MOW1003IST2003AER2...
2026-03-07 22:32:52 - flight_bot - INFO - [MultiSearch] booking_url: https://www.aviasales.ru/?params=MOW1003IST2003AER1
2026-03-07 22:32:52 - flight_bot - INFO - [MultiSearch] user=123 partner=https://www.aviasales.ru/?params=MOW1003IST2003AER1...
2026-03-07 22:32:52 - flight_bot - INFO - [MultiSearch] booking_url: https://www.aviasales.ru/?params=MOW1006AER2006LED2
2026-03-07 22:32:52 - flight_bot - INFO - [MultiSearch] user=123 partner=https://www.aviasales.ru/?params=MOW1006AER2006LED2...
2026-03-08 17:43:28 - flight_bot - WARNING - ⚠️ Невалидные параметры: token=False, link=https://aviasales.ru/link1...
2026-03-08 17:43:28 - flight_bot - WARNING - ⚠️ Невалидные параметры: token=False, link=https://aviasales.ru/link2...
2026-03-08 17:43:28 - flight_bot - WARNING - ⚠️ Невалидные параметры: token=False, link=https://aviasales.ru/link3...
2026-03-08 17:43:28 - flight_bot - WARNING - ⚠️ Невалидные параметры: token=False, link=https://aviasales.ru/link1...
2026-03-08 17:43:28 - flight_bot - WARNING - ⚠️ Невалидные параметры: token=False, link=https://aviasales.ru/link2...
2026-03-08 17:43:28 - flight_bot - WARNING - ⚠️ Невалидные параметры: token=False, link=https://aviasales.ru/link3...
2026-03-08 17:43:28 - flight_bot - WARNING - ⚠️ Невалидные параметры: token=False, link=https://aviasales.ru/ew1...
2026-03-08 17:43:28 - flight_bot - WARNING - ⚠️ Невалидные параметры: token=False, link=https://www.aviasales.ru/map?params=MOW15031...
2026-03-08 17:43:28 - flight_bot - WARNING - ⚠️ Невалидные параметры: token=False, link=https://aviasales.ru/ew1...
2026-03-08 17:43:28 - flight_bot - WARNING - ⚠️ Невалидные параметры: token=False, link=https://aviasales.ru/ew1...
2026-03-08 17:43:28 - flight_bot - WARNING - ⚠️ Невалидные параметры: token=False, link=https://www.aviasales.ru/map?params=MOW15031...
2026-03-08 17:43:28 - flight_bot - WARNING - ⚠️ Невалидные параметры: token=False, link=https://aviasales.ru/ew1...
2026-03-08 17:43:28 - flight_bot - WARNING - ⚠️ Невалидные параметры: token=False, link=https://www.aviasales.ru/map?params=MOW15031...
2026-03-08 17:48:10 - flight_bot - INFO - [MultiSearch] booking_url: https://www.aviasales.ru/?params=MOW1003IST2003AER1
2026-03-08 17:48:10 - flight_bot - INFO - [MultiSearch] user=123 partner=https://www.aviasales.ru/?params=MOW1003IST2003AER1...
2026-03-08 17:48:10 - flight_bot - INFO - [MultiSearch] booking_url: https://www.aviasales.ru/?params=MOW1003IST2003AER1
2026-03-08 17:48:10 - flight_bot - INFO - [MultiSearch] user=123 partner=https://www.aviasales.ru/?params=MOW1003IST2003AER1...
2026-03-08 17:48:10 - flight_bot - INFO - [MultiSearch] booking_url: https://www.aviasales.ru/?params=MOW1003IST2003AER1
2026-03-08 17:48:10 - flight_bot - INFO - [MultiSearch] user=123 partner=https://www.aviasales.ru/?params=MOW1003IST2003AER1...
2026-03-08 17:48:10 - flight_bot - INFO - [MultiSearch] booking_url: https://www.aviasales.ru/?params=MOW1003IST2003AER1
2026-03-08 17:48:10 - flight_bot - INFO - [MultiSearch] user=123 partner=https://www.aviasales.ru/?params=MOW1003IST2003AER1...
2026-03-08 17:48:10 - flight_bot - INFO - [MultiSearch] booking_url: https://www.aviasales.ru/?params=MOW1003IST2003AER1
2026-03-08 17:48:10 - flight_bot - INFO - [MultiSearch] user=123 partner=https://www.aviasales.ru/?params=MOW1003IST2003AER1...
2026-03-08 17:48:10 - flight_bot - INFO - [MultiSearch] booking_url: https://www.aviasales.ru/?params=MOW1003IST2003AER1
2026-03-08 17:48:10 - flight_bot - INFO - [MultiSearch] user=123 partner=https://www.aviasales.ru/?params=MOW1003IST2003AER1...
2026-03-08 17:48:10 - flight_bot - INFO - [MultiSearch] booking_url: https://www.aviasales.ru/?params=MOW1003IST2003AER1
2026-03-08 17:48:10 - flight_bot - INFO - [MultiSearch] user=123 partner=https://www.aviasales.ru/?params=MOW1003IST2003AER1...
2026-03-08 17:48:10 - flight_bot - INFO - [MultiSearch] booking_url: https://www.aviasales.ru/?params=MOW1003IST2003AER2
2026-03-08 17:48:10 - flight_bot - INFO - [MultiSearch] user=123 partner=https://www.aviasales.ru/?params=MOW1003IST2003AER2...
2026-03-08 17:48:10 - flight_bot - INFO - [MultiSearch] booking_url: https://www.aviasales.ru/?params=MOW1003IST2003AER1
2026-03-08 17:48:10 - flight_bot - INFO - [MultiSearch] user=123 partner=https://www.aviasales.ru/?params=MOW1003IST2003AER1...
2026-03-08 17:48:10 - flight_bot - INFO - [MultiSearch] booking_url: https://www.aviasales.ru/?params=MOW1006AER2006LED2
2026-03-08 17:48:10 - flight_bot - INFO - [MultiSearch] user=123 partner=https://www.aviasales.ru/?params=MOW1006AER2006LED2...
2026-03-08 17:50:44 - flight_bot - INFO - [MultiSearch] booking_url: https://www.aviasales.ru/?params=MOW1003IST2003AER1
2026-03-08 17:50:44 - flight_bot - INFO - [MultiSearch] user=123 partner=https://www.aviasales.ru/?params=MOW1003IST2003AER1...
2026-03-08 17:50:44 - flight_bot - INFO - [MultiSearch] booking_url: https://www.aviasales.ru/?params=MOW1003IST2003AER1
2026-03-08 17:50:44 - flight_bot - INFO - [MultiSearch] user=123 partner=https://www.aviasales.ru/?params=MOW1003IST2003AER1...
2026-03-08 17:50:44 - flight_bot - INFO - [MultiSearch] booking_url: https://www.aviasales.ru/?params=MOW1003IST2003AER1
2026-03-08 17:50:44 - flight_bot - INFO - [MultiSearch] user=123 partner=https://www.aviasales.ru/?params=MOW1003IST2003AER1...
2026-03-08 17:50:44 - flight_bot - INFO - [MultiSearch] booking_url: https://www.aviasales.ru/?params=MOW1003IST2003AER1
2026-03-08 17:50:44 - flight_bot - INFO - [MultiSearch] user=123 partner=https://www.aviasales.ru/?params=MOW1003IST2003AER1...
2026-03-08 17:50:44 - flight_bot - INFO - [MultiSearch] booking_url: https://www.aviasales.ru/?params=MOW1003IST2003AER1
2026-03-08 17:50:44 - flight_bot - INFO - [MultiSearch] user=123 partner=https://www.aviasales.ru/?params=MOW1003IST2003AER1...
2026-03-08 17:50:44 - flight_bot - INFO - [MultiSearch] booking_url: https://www.aviasales.ru/?params=MOW1003IST2003AER1
2026-03-08 17:50:44 - flight_bot - INFO - [MultiSearch] user=123 partner=https://www.aviasales.ru/?params=MOW1003IST2003AER1...
2026-03-08 17:50:44 - flight_bot - INFO - [MultiSearch] booking_url: https://www.aviasales.ru/?params=MOW1003IST2003AER1
2026-03-08 17:50:44 - flight_bot - INFO - [MultiSearch] user=123 partner=https://www.aviasales.ru/?params=MOW1003IST2003AER1...
2026-03-08 17:50:44 - flight_bot - INFO - [MultiSearch] booking_url: https://www.aviasales.ru/?params=MOW1003IST2003AER2
2026-03-08 17:50:44 - flight_bot - INFO - [MultiSearch] user=123 partner=https://www.aviasales.ru/?params=MOW1003IST2003AER2...
2026-03-08 17:50:44 - flight_bot - INFO - [MultiSearch] booking_url: https://www.aviasales.ru/?params=MOW1003IST2003AER1
2026-03-08 17:50:44 - flight_bot - INFO - [MultiSearch] user=123 partner=https://www.aviasales.ru/?params=MOW1003IST2003AER1...
2026-03-08 17:50:44 - flight_bot - INFO - [MultiSearch] booking_url: https://www.aviasales.ru/?params=MOW1006AER2006LED2
2026-03-08 17:50:44 - flight_bot - INFO - [MultiSearch] user=123 partner=https://www.aviasales.ru/?params=MOW1006AER2006LED2...
2026-03-08 17:51:46 - flight_bot - WARNING - ⚠️ Невалидные параметры: token=False, link=https://aviasales.ru/link1...
2026-03-08 17:51:46 - flight_bot - WARNING - ⚠️ Невалидные параметры: token=False, link=https://aviasales.ru/link2...
2026-03-08 17:51:46 - flight_bot - WARNING - ⚠️ Невалидные параметры: token=False, link=https://aviasales.ru/link3...
2026-03-08 17:51:46 - flight_bot - WARNING - ⚠️ Невалидные параметры: token=False, link=https://aviasales.ru/link1...
2026-03-08 17:51:46 - flight_bot - WARNING - ⚠️ Невалидные параметры: token=False, link=https://aviasales.ru/link2...
2026-03-08 17:51:46 - flight_bot - WARNING - ⚠️ Невалидные параметры: token=False, link=https://aviasales.ru/link3...
2026-03-08 17:51:46 - flight_bot - WARNING - ⚠️ Невалидные параметры: token=False, link=https://aviasales.ru/ew1...
2026-03-08 17:51:46 - flight_bot - WARNING - ⚠️ Невалидные параметры: token=False, link=https://www.aviasales.ru/map?params=MOW15031...
2026-03-08 17:51:46 - flight_bot - WARNING - ⚠️ Невалидные параметры: token=False, link=https://aviasales.ru/ew1...
2026-03-08 17:51:46 - flight_bot - WARNING - ⚠️ Невалидные параметры: token=False, link=https://aviasales.ru/ew1...
2026-03-08 17:51:46 - flight_bot - WARNING - ⚠️ Невалидные параметры: token=False, link=https://www.aviasales.ru/map?params=MOW15031...
2026-03-08 17:51:46 - flight_bot - WARNING - ⚠️ Невалидные параметры: token=False, link=https://aviasales.ru/ew1...
2026-03-08 17:51:46 - flight_bot - WARNING - ⚠️ Невалидные параметры: token=False, link=https://www.aviasales.ru/map?params=MOW15031...
